<?xml version="1.0" encoding="UTF-8"?>
<!-- Generated by org.testng.reporters.JUnitReportReporter -->
<testsuite hostname="MSI-L3157" failures="0" tests="1" name="test.VerifyLoggedInUser_NegetiveScenario" time="7.019" errors="0" timestamp="30 Mar 2022 12:30:04 GMT" skipped="0">
  <testcase classname="test.VerifyLoggedInUser_NegetiveScenario" name="loggedInToApplication_TC3" time="7.019"/>
</testsuite> <!-- test.VerifyLoggedInUser_NegetiveScenario -->
