<?xml version="1.0" encoding="UTF-8"?>
<!-- Generated by org.testng.reporters.JUnitReportReporter -->
<testsuite hostname="MSI-L3157" failures="0" tests="2" name="test.VerifyLoggedInUser_PositiveScenario" time="1.444" errors="0" timestamp="30 Mar 2022 12:30:04 GMT" skipped="0">
  <testcase classname="test.VerifyLoggedInUser_PositiveScenario" name="loggedInToApplication_TC1" time="1.318"/>
  <testcase classname="test.VerifyLoggedInUser_PositiveScenario" name="verifyLoggedInUser_TC2" time="0.126"/>
</testsuite> <!-- test.VerifyLoggedInUser_PositiveScenario -->
