<?xml version="1.0" encoding="UTF-8"?>
<!-- Generated by org.testng.reporters.JUnitReportReporter -->
<testsuite hostname="MSI-L3157" failures="0" tests="1" name="ExcelReader.xlsReader" time="3.737" errors="0" timestamp="28 Mar 2022 15:43:33 GMT" skipped="0">
  <testcase classname="ExcelReader.xlsReader" name="dataReadSheet" time="3.737"/>
</testsuite> <!-- ExcelReader.xlsReader -->
